# Logfile created on 2014-03-12 20:55:30 +0100 by logger.rb/41954
I, [2014-03-12T20:55:30.117522 #9368]  INFO -- : 0:  RedCloth (4.2.9) from /Users/dorian/.rvm/gems/ruby-1.9.3-p484/specifications/RedCloth-4.2.9.gemspec
I, [2014-03-12T20:55:30.117859 #9368]  INFO -- : 0:  blankslate (2.1.2.4) from /Users/dorian/.rvm/gems/ruby-1.9.3-p484/specifications/blankslate-2.1.2.4.gemspec
I, [2014-03-12T20:55:30.118065 #9368]  INFO -- : 0:  fast-stemmer (1.0.2) from /Users/dorian/.rvm/gems/ruby-1.9.3-p484/specifications/fast-stemmer-1.0.2.gemspec
I, [2014-03-12T20:55:30.118252 #9368]  INFO -- : 0:  classifier (1.3.4) from /Users/dorian/.rvm/gems/ruby-1.9.3-p484/specifications/classifier-1.3.4.gemspec
I, [2014-03-12T20:55:30.118434 #9368]  INFO -- : 0:  colorator (0.1) from /Users/dorian/.rvm/gems/ruby-1.9.3-p484/specifications/colorator-0.1.gemspec
I, [2014-03-12T20:55:30.118611 #9368]  INFO -- : 0:  highline (1.6.21) from /Users/dorian/.rvm/gems/ruby-1.9.3-p484/specifications/highline-1.6.21.gemspec
I, [2014-03-12T20:55:30.118780 #9368]  INFO -- : 0:  commander (4.1.6) from /Users/dorian/.rvm/gems/ruby-1.9.3-p484/specifications/commander-4.1.6.gemspec
I, [2014-03-12T20:55:30.118954 #9368]  INFO -- : 0:  ffi (1.9.3) from /Users/dorian/.rvm/gems/ruby-1.9.3-p484/specifications/ffi-1.9.3.gemspec
I, [2014-03-12T20:55:30.119127 #9368]  INFO -- : 0:  liquid (2.5.5) from /Users/dorian/.rvm/gems/ruby-1.9.3-p484/specifications/liquid-2.5.5.gemspec
I, [2014-03-12T20:55:30.119308 #9368]  INFO -- : 0:  rb-fsevent (0.9.4) from /Users/dorian/.rvm/gems/ruby-1.9.3-p484/specifications/rb-fsevent-0.9.4.gemspec
I, [2014-03-12T20:55:30.119487 #9368]  INFO -- : 0:  rb-inotify (0.9.3) from /Users/dorian/.rvm/gems/ruby-1.9.3-p484/specifications/rb-inotify-0.9.3.gemspec
I, [2014-03-12T20:55:30.119660 #9368]  INFO -- : 0:  rb-kqueue (0.2.2) from /Users/dorian/.rvm/gems/ruby-1.9.3-p484/specifications/rb-kqueue-0.2.2.gemspec
I, [2014-03-12T20:55:30.119835 #9368]  INFO -- : 0:  listen (1.3.1) from /Users/dorian/.rvm/gems/ruby-1.9.3-p484/specifications/listen-1.3.1.gemspec
I, [2014-03-12T20:55:30.120008 #9368]  INFO -- : 0:  maruku (0.7.0) from /Users/dorian/.rvm/gems/ruby-1.9.3-p484/specifications/maruku-0.7.0.gemspec
I, [2014-03-12T20:55:30.120183 #9368]  INFO -- : 0:  posix-spawn (0.3.8) from /Users/dorian/.rvm/gems/ruby-1.9.3-p484/specifications/posix-spawn-0.3.8.gemspec
I, [2014-03-12T20:55:30.120370 #9368]  INFO -- : 0:  yajl-ruby (1.1.0) from /Users/dorian/.rvm/gems/ruby-1.9.3-p484/specifications/yajl-ruby-1.1.0.gemspec
I, [2014-03-12T20:55:30.120557 #9368]  INFO -- : 0:  pygments.rb (0.5.4) from /Users/dorian/.rvm/gems/ruby-1.9.3-p484/specifications/pygments.rb-0.5.4.gemspec
I, [2014-03-12T20:55:30.120733 #9368]  INFO -- : 0:  redcarpet (2.3.0) from /Users/dorian/.rvm/gems/ruby-1.9.3-p484/specifications/redcarpet-2.3.0.gemspec
I, [2014-03-12T20:55:30.120913 #9368]  INFO -- : 0:  safe_yaml (0.9.7) from /Users/dorian/.rvm/gems/ruby-1.9.3-p484/specifications/safe_yaml-0.9.7.gemspec
I, [2014-03-12T20:55:30.121094 #9368]  INFO -- : 0:  parslet (1.5.0) from /Users/dorian/.rvm/gems/ruby-1.9.3-p484/specifications/parslet-1.5.0.gemspec
I, [2014-03-12T20:55:30.121285 #9368]  INFO -- : 0:  toml (0.1.1) from /Users/dorian/.rvm/gems/ruby-1.9.3-p484/specifications/toml-0.1.1.gemspec
I, [2014-03-12T20:55:30.121471 #9368]  INFO -- : 0:  jekyll (1.4.3) from /Users/dorian/.rvm/gems/ruby-1.9.3-p484/specifications/jekyll-1.4.3.gemspec
I, [2014-03-12T20:55:30.121652 #9368]  INFO -- : 0:  kramdown (1.3.1) from /Users/dorian/.rvm/gems/ruby-1.9.3-p484/specifications/kramdown-1.3.1.gemspec
I, [2014-03-12T20:55:30.121838 #9368]  INFO -- : 0:  rdiscount (2.1.7) from /Users/dorian/.rvm/gems/ruby-1.9.3-p484/specifications/rdiscount-2.1.7.gemspec
I, [2014-03-12T20:55:30.122016 #9368]  INFO -- : 0:  github-pages (15) from /Users/dorian/.rvm/gems/ruby-1.9.3-p484/specifications/github-pages-15.gemspec
I, [2014-03-12T20:55:30.122192 #9368]  INFO -- : 0:  bundler (1.5.1) from /Users/dorian/.rvm/gems/ruby-1.9.3-p484@global/specifications/bundler-1.5.1.gemspec
